[2.826s] Invoking command in '/home/racecar/racecar_ws/src/ros_exercises': PYTHONPATH=/home/racecar/racecar_ws/src/ros_exercises/build/ros_exercises/prefix_override:/home/racecar/racecar_ws/src/ros_exercises/install/ros_exercises/lib/python3.8/site-packages:${PYTHONPATH} /usr/bin/python3 setup.py egg_info --egg-base build/ros_exercises build --build-base /home/racecar/racecar_ws/src/ros_exercises/build/ros_exercises/build install --record /home/racecar/racecar_ws/src/ros_exercises/build/ros_exercises/install.log --install-scripts $base/lib/ros_exercises --single-version-externally-managed
[3.567s] running egg_info
[3.577s] writing build/ros_exercises/ros_exercises.egg-info/PKG-INFO
[3.604s] writing dependency_links to build/ros_exercises/ros_exercises.egg-info/dependency_links.txt
[3.616s] writing entry points to build/ros_exercises/ros_exercises.egg-info/entry_points.txt
[3.622s] writing requirements to build/ros_exercises/ros_exercises.egg-info/requires.txt
[3.627s] writing top-level names to build/ros_exercises/ros_exercises.egg-info/top_level.txt
[3.703s] package init file 'ros_exercises/__init__.py' not found (or not a regular file)
[3.708s] reading manifest file 'build/ros_exercises/ros_exercises.egg-info/SOURCES.txt'
[3.747s] writing manifest file 'build/ros_exercises/ros_exercises.egg-info/SOURCES.txt'
[3.750s] running build
[3.751s] running build_py
[3.767s] copying ros_exercises/simple_publisher.py -> /home/racecar/racecar_ws/src/ros_exercises/build/ros_exercises/build/lib/ros_exercises
[3.790s] running install
[3.798s] running install_lib
[3.828s] copying /home/racecar/racecar_ws/src/ros_exercises/build/ros_exercises/build/lib/ros_exercises/simple_publisher.py -> /home/racecar/racecar_ws/src/ros_exercises/install/ros_exercises/lib/python3.8/site-packages/ros_exercises
[3.849s] byte-compiling /home/racecar/racecar_ws/src/ros_exercises/install/ros_exercises/lib/python3.8/site-packages/ros_exercises/simple_publisher.py to simple_publisher.cpython-38.pyc
[3.883s] running install_data
[3.911s] running install_egg_info
[3.924s] removing '/home/racecar/racecar_ws/src/ros_exercises/install/ros_exercises/lib/python3.8/site-packages/ros_exercises-0.0.0-py3.8.egg-info' (and everything under it)
[3.985s] Copying build/ros_exercises/ros_exercises.egg-info to /home/racecar/racecar_ws/src/ros_exercises/install/ros_exercises/lib/python3.8/site-packages/ros_exercises-0.0.0-py3.8.egg-info
[4.115s] running install_scripts
[4.176s] Installing talker script to /home/racecar/racecar_ws/src/ros_exercises/install/ros_exercises/lib/ros_exercises
[4.194s] writing list of installed files to '/home/racecar/racecar_ws/src/ros_exercises/build/ros_exercises/install.log'
[4.211s] Invoked command in '/home/racecar/racecar_ws/src/ros_exercises' returned '0': PYTHONPATH=/home/racecar/racecar_ws/src/ros_exercises/build/ros_exercises/prefix_override:/home/racecar/racecar_ws/src/ros_exercises/install/ros_exercises/lib/python3.8/site-packages:${PYTHONPATH} /usr/bin/python3 setup.py egg_info --egg-base build/ros_exercises build --build-base /home/racecar/racecar_ws/src/ros_exercises/build/ros_exercises/build install --record /home/racecar/racecar_ws/src/ros_exercises/build/ros_exercises/install.log --install-scripts $base/lib/ros_exercises --single-version-externally-managed
