[0.000000] (-) TimerEvent: {}
[0.000818] (ros_exercises) JobQueued: {'identifier': 'ros_exercises', 'dependencies': OrderedDict()}
[0.001019] (ros_exercises) JobStarted: {'identifier': 'ros_exercises'}
[0.095395] (-) TimerEvent: {}
[0.196310] (-) TimerEvent: {}
[0.297075] (-) TimerEvent: {}
[0.398205] (-) TimerEvent: {}
[0.500181] (-) TimerEvent: {}
[0.600847] (-) TimerEvent: {}
[0.701353] (-) TimerEvent: {}
[0.801939] (-) TimerEvent: {}
[0.902397] (-) TimerEvent: {}
[1.003109] (-) TimerEvent: {}
[1.103841] (-) TimerEvent: {}
[1.204504] (-) TimerEvent: {}
[1.305161] (-) TimerEvent: {}
[1.407685] (-) TimerEvent: {}
[1.509694] (-) TimerEvent: {}
[1.610480] (-) TimerEvent: {}
[1.710923] (-) TimerEvent: {}
[1.811441] (-) TimerEvent: {}
[1.911894] (-) TimerEvent: {}
[2.012380] (-) TimerEvent: {}
[2.113001] (-) TimerEvent: {}
[2.213622] (-) TimerEvent: {}
[2.314440] (-) TimerEvent: {}
[2.414872] (-) TimerEvent: {}
[2.515406] (-) TimerEvent: {}
[2.616022] (-) TimerEvent: {}
[2.716624] (-) TimerEvent: {}
[2.817120] (-) TimerEvent: {}
[2.819193] (ros_exercises) Command: {'cmd': ['/usr/bin/python3', 'setup.py', 'egg_info', '--egg-base', 'build/ros_exercises', 'build', '--build-base', '/home/racecar/racecar_ws/src/ros_exercises/build/ros_exercises/build', 'install', '--record', '/home/racecar/racecar_ws/src/ros_exercises/build/ros_exercises/install.log', '--install-scripts', '$base/lib/ros_exercises', '--single-version-externally-managed'], 'cwd': '/home/racecar/racecar_ws/src/ros_exercises', 'env': {'VNCDESKTOP': 'd28d97a96a39:1 (racecar)', 'PYTHONIOENCODING': 'utf-8', 'HOSTNAME': 'd28d97a96a39', 'SHLVL': '2', 'LD_LIBRARY_PATH': '/opt/ros/foxy/opt/yaml_cpp_vendor/lib:/opt/ros/foxy/opt/rviz_ogre_vendor/lib:/opt/ros/foxy/lib/x86_64-linux-gnu:/opt/ros/foxy/lib', 'HOME': '/home/racecar', 'OLDPWD': '/home/racecar/racecar_ws/src/ros_exercises/ros_exercises', 'ROS_PYTHON_VERSION': '3', 'COLCON_PREFIX_PATH': '/home/racecar/racecar_ws/install:/home/racecar/racecar_ws/src/ros_exercises/install:/home/sim_ws/install', 'ROS_DISTRO': 'foxy', 'LOGNAME': 'racecar', 'WINDOWID': '2097165', '_': '/usr/bin/colcon', 'ROS_VERSION': '2', 'XTERM_SHELL': '/bin/bash', 'TERM': 'xterm', 'ROS_LOCALHOST_ONLY': '0', 'PATH': '/opt/ros/foxy/bin:/usr/local/sbin:/usr/local/bin:/usr/sbin:/usr/bin:/sbin:/bin', 'DISPLAY': ':1', 'LANG': 'en_US.UTF-8', 'AMENT_PREFIX_PATH': '/home/racecar/racecar_ws/src/ros_exercises/install/ros_exercises:/home/sim_ws/install/racecar_simulator:/home/racecar/racecar_ws/install/ros_exercises:/opt/ros/foxy', 'SHELL': '/bin/bash', 'SIM_WS': '/home/sim_ws', 'PWD': '/home/racecar/racecar_ws/src/ros_exercises/build/ros_exercises', 'XTERM_LOCALE': 'en_US.UTF-8', 'XTERM_VERSION': 'XTerm(353)', 'PYTHONPATH': '/home/racecar/racecar_ws/src/ros_exercises/build/ros_exercises/prefix_override:/home/racecar/racecar_ws/src/ros_exercises/install/ros_exercises/lib/python3.8/site-packages:/home/racecar/racecar_ws/src/ros_exercises/install/ros_exercises/lib/python3.8/site-packages:/home/racecar/racecar_ws/install/ros_exercises/lib/python3.8/site-packages:/opt/ros/foxy/lib/python3.8/site-packages', 'NO_VNC_VERSION': '1.4.0', 'COLCON': '1', 'CMAKE_PREFIX_PATH': '/home/sim_ws/install/racecar_simulator'}, 'shell': False}
[2.917256] (-) TimerEvent: {}
[3.017675] (-) TimerEvent: {}
[3.119131] (-) TimerEvent: {}
[3.219575] (-) TimerEvent: {}
[3.320044] (-) TimerEvent: {}
[3.420480] (-) TimerEvent: {}
[3.520931] (-) TimerEvent: {}
[3.566974] (ros_exercises) StdoutLine: {'line': b'running egg_info\n'}
[3.577345] (ros_exercises) StdoutLine: {'line': b'writing build/ros_exercises/ros_exercises.egg-info/PKG-INFO\n'}
[3.584109] (ros_exercises) StdoutLine: {'line': b'writing dependency_links to build/ros_exercises/ros_exercises.egg-info/dependency_links.txt\n'}
[3.616906] (ros_exercises) StdoutLine: {'line': b'writing entry points to build/ros_exercises/ros_exercises.egg-info/entry_points.txt\n'}
[3.621018] (-) TimerEvent: {}
[3.622808] (ros_exercises) StdoutLine: {'line': b'writing requirements to build/ros_exercises/ros_exercises.egg-info/requires.txt\n'}
[3.627273] (ros_exercises) StdoutLine: {'line': b'writing top-level names to build/ros_exercises/ros_exercises.egg-info/top_level.txt\n'}
[3.702584] (ros_exercises) StderrLine: {'line': b"package init file 'ros_exercises/__init__.py' not found (or not a regular file)\n"}
[3.708371] (ros_exercises) StdoutLine: {'line': b"reading manifest file 'build/ros_exercises/ros_exercises.egg-info/SOURCES.txt'\n"}
[3.721129] (-) TimerEvent: {}
[3.747813] (ros_exercises) StdoutLine: {'line': b"writing manifest file 'build/ros_exercises/ros_exercises.egg-info/SOURCES.txt'\n"}
[3.751241] (ros_exercises) StdoutLine: {'line': b'running build\n'}
[3.751888] (ros_exercises) StdoutLine: {'line': b'running build_py\n'}
[3.766954] (ros_exercises) StdoutLine: {'line': b'copying ros_exercises/simple_publisher.py -> /home/racecar/racecar_ws/src/ros_exercises/build/ros_exercises/build/lib/ros_exercises\n'}
[3.788623] (ros_exercises) StdoutLine: {'line': b'running install\n'}
[3.798101] (ros_exercises) StdoutLine: {'line': b'running install_lib\n'}
[3.821224] (-) TimerEvent: {}
[3.829176] (ros_exercises) StdoutLine: {'line': b'copying /home/racecar/racecar_ws/src/ros_exercises/build/ros_exercises/build/lib/ros_exercises/simple_publisher.py -> /home/racecar/racecar_ws/src/ros_exercises/install/ros_exercises/lib/python3.8/site-packages/ros_exercises\n'}
[3.849816] (ros_exercises) StdoutLine: {'line': b'byte-compiling /home/racecar/racecar_ws/src/ros_exercises/install/ros_exercises/lib/python3.8/site-packages/ros_exercises/simple_publisher.py to simple_publisher.cpython-38.pyc\n'}
[3.883411] (ros_exercises) StdoutLine: {'line': b'running install_data\n'}
[3.911521] (ros_exercises) StdoutLine: {'line': b'running install_egg_info\n'}
[3.921340] (-) TimerEvent: {}
[3.924740] (ros_exercises) StdoutLine: {'line': b"removing '/home/racecar/racecar_ws/src/ros_exercises/install/ros_exercises/lib/python3.8/site-packages/ros_exercises-0.0.0-py3.8.egg-info' (and everything under it)\n"}
[3.984881] (ros_exercises) StdoutLine: {'line': b'Copying build/ros_exercises/ros_exercises.egg-info to /home/racecar/racecar_ws/src/ros_exercises/install/ros_exercises/lib/python3.8/site-packages/ros_exercises-0.0.0-py3.8.egg-info\n'}
[4.021456] (-) TimerEvent: {}
[4.115319] (ros_exercises) StdoutLine: {'line': b'running install_scripts\n'}
[4.121534] (-) TimerEvent: {}
[4.176658] (ros_exercises) StdoutLine: {'line': b'Installing talker script to /home/racecar/racecar_ws/src/ros_exercises/install/ros_exercises/lib/ros_exercises\n'}
[4.194097] (ros_exercises) StdoutLine: {'line': b"writing list of installed files to '/home/racecar/racecar_ws/src/ros_exercises/build/ros_exercises/install.log'\n"}
[4.210997] (ros_exercises) CommandEnded: {'returncode': 0}
[4.221619] (-) TimerEvent: {}
[4.322084] (-) TimerEvent: {}
[4.422448] (-) TimerEvent: {}
[4.481802] (ros_exercises) JobEnded: {'identifier': 'ros_exercises', 'rc': 0}
[4.495560] (-) EventReactorShutdown: {}
