[2.681s] DEBUG:colcon:Command line arguments: ['/usr/bin/colcon', 'build']
[2.681s] DEBUG:colcon:Parsed command line arguments: Namespace(ament_cmake_args=None, base_paths=['.'], build_base='build', catkin_cmake_args=None, catkin_skip_building_tests=False, cmake_args=None, cmake_clean_cache=False, cmake_clean_first=False, cmake_force_configure=False, cmake_target=None, cmake_target_skip_unavailable=False, continue_on_error=False, event_handlers=None, executor='parallel', ignore_user_meta=False, install_base='install', log_base=None, log_level=None, main=<bound method BuildVerb.main of <colcon_core.verb.build.BuildVerb object at 0x7f4a054a9400>>, merge_install=False, metas=['./colcon.meta'], packages_above=None, packages_above_and_dependencies=None, packages_above_depth=None, packages_end=None, packages_ignore=None, packages_ignore_regex=None, packages_select=None, packages_select_build_failed=False, packages_select_by_dep=None, packages_select_regex=None, packages_select_test_failures=False, packages_skip=None, packages_skip_build_finished=False, packages_skip_by_dep=None, packages_skip_regex=None, packages_skip_test_passed=False, packages_skip_up_to=None, packages_start=None, packages_up_to=None, packages_up_to_regex=None, parallel_workers=12, paths=None, symlink_install=False, test_result_base=None, verb_extension=<colcon_core.verb.build.BuildVerb object at 0x7f4a054a9400>, verb_name='build', verb_parser=<colcon_defaults.argument_parser.defaults.DefaultArgumentsDecorator object at 0x7f4a0508e130>)
[2.855s] Level 1:colcon.colcon_core.package_discovery:discover_packages(colcon_meta) check parameters
[2.857s] Level 1:colcon.colcon_core.package_discovery:discover_packages(recursive) check parameters
[2.858s] Level 1:colcon.colcon_core.package_discovery:discover_packages(ignore) check parameters
[2.858s] Level 1:colcon.colcon_core.package_discovery:discover_packages(path) check parameters
[2.859s] Level 1:colcon.colcon_core.package_discovery:discover_packages(colcon_meta) discover
[2.860s] Level 1:colcon.colcon_core.package_discovery:discover_packages(recursive) discover
[2.860s] INFO:colcon.colcon_core.package_discovery:Crawling recursively for packages in '/home/racecar/racecar_ws/src/ros_exercises'
[2.865s] Level 1:colcon.colcon_core.package_identification:_identify(.) by extensions ['ignore', 'ignore_ament_install']
[2.866s] Level 1:colcon.colcon_core.package_identification:_identify(.) by extension 'ignore'
[2.868s] Level 1:colcon.colcon_core.package_identification:_identify(.) by extension 'ignore_ament_install'
[2.869s] Level 1:colcon.colcon_core.package_identification:_identify(.) by extensions ['colcon_pkg']
[2.870s] Level 1:colcon.colcon_core.package_identification:_identify(.) by extension 'colcon_pkg'
[2.871s] Level 1:colcon.colcon_core.package_identification:_identify(.) by extensions ['colcon_meta']
[2.872s] Level 1:colcon.colcon_core.package_identification:_identify(.) by extension 'colcon_meta'
[2.873s] Level 1:colcon.colcon_core.package_identification:_identify(.) by extensions ['ros']
[2.873s] Level 1:colcon.colcon_core.package_identification:_identify(.) by extension 'ros'
[2.934s] DEBUG:colcon.colcon_core.package_identification:Package '.' with type 'ros.ament_python' and name 'ros_exercises'
[2.935s] Level 1:colcon.colcon_core.package_discovery:discover_packages(recursive) using defaults
[2.936s] Level 1:colcon.colcon_core.package_discovery:discover_packages(ignore) discover
[2.936s] Level 1:colcon.colcon_core.package_discovery:discover_packages(ignore) using defaults
[2.937s] Level 1:colcon.colcon_core.package_discovery:discover_packages(path) discover
[2.937s] Level 1:colcon.colcon_core.package_discovery:discover_packages(path) using defaults
[3.147s] Level 5:colcon.colcon_core.verb:set package 'ros_exercises' build argument 'cmake_args' from command line to 'None'
[3.148s] Level 5:colcon.colcon_core.verb:set package 'ros_exercises' build argument 'cmake_target' from command line to 'None'
[3.149s] Level 5:colcon.colcon_core.verb:set package 'ros_exercises' build argument 'cmake_target_skip_unavailable' from command line to 'False'
[3.150s] Level 5:colcon.colcon_core.verb:set package 'ros_exercises' build argument 'cmake_clean_cache' from command line to 'False'
[3.150s] Level 5:colcon.colcon_core.verb:set package 'ros_exercises' build argument 'cmake_clean_first' from command line to 'False'
[3.151s] Level 5:colcon.colcon_core.verb:set package 'ros_exercises' build argument 'cmake_force_configure' from command line to 'False'
[3.151s] Level 5:colcon.colcon_core.verb:set package 'ros_exercises' build argument 'ament_cmake_args' from command line to 'None'
[3.152s] Level 5:colcon.colcon_core.verb:set package 'ros_exercises' build argument 'catkin_cmake_args' from command line to 'None'
[3.153s] Level 5:colcon.colcon_core.verb:set package 'ros_exercises' build argument 'catkin_skip_building_tests' from command line to 'False'
[3.153s] DEBUG:colcon.colcon_core.verb:Building package 'ros_exercises' with the following arguments: {'ament_cmake_args': None, 'build_base': '/home/racecar/racecar_ws/src/ros_exercises/build/ros_exercises', 'catkin_cmake_args': None, 'catkin_skip_building_tests': False, 'cmake_args': None, 'cmake_clean_cache': False, 'cmake_clean_first': False, 'cmake_force_configure': False, 'cmake_target': None, 'cmake_target_skip_unavailable': False, 'install_base': '/home/racecar/racecar_ws/src/ros_exercises/install/ros_exercises', 'merge_install': False, 'path': '/home/racecar/racecar_ws/src/ros_exercises', 'symlink_install': False, 'test_result_base': None}
[3.195s] INFO:colcon.colcon_core.executor:Executing jobs using 'parallel' executor
[3.239s] DEBUG:colcon.colcon_parallel_executor.executor.parallel:run_until_complete
[3.240s] INFO:colcon.colcon_ros.task.ament_python.build:Building ROS package in '/home/racecar/racecar_ws/src/ros_exercises' with build type 'ament_python'
[3.240s] Level 1:colcon.colcon_core.shell:create_environment_hook('ros_exercises', 'ament_prefix_path')
[3.300s] INFO:colcon.colcon_core.plugin_system:Skipping extension 'colcon_core.shell.bat': Not used on non-Windows systems
[3.301s] INFO:colcon.colcon_core.shell:Creating environment hook '/home/racecar/racecar_ws/src/ros_exercises/install/ros_exercises/share/ros_exercises/hook/ament_prefix_path.ps1'
[3.361s] INFO:colcon.colcon_core.shell:Creating environment descriptor '/home/racecar/racecar_ws/src/ros_exercises/install/ros_exercises/share/ros_exercises/hook/ament_prefix_path.dsv'
[3.385s] INFO:colcon.colcon_core.shell:Creating environment hook '/home/racecar/racecar_ws/src/ros_exercises/install/ros_exercises/share/ros_exercises/hook/ament_prefix_path.sh'
[3.470s] INFO:colcon.colcon_core.shell:Skip shell extension 'powershell' for command environment: Not usable outside of PowerShell
[3.470s] DEBUG:colcon.colcon_core.shell:Skip shell extension 'dsv' for command environment
[4.214s] INFO:colcon.colcon_core.task.python.build:Building Python package in '/home/racecar/racecar_ws/src/ros_exercises'
[4.266s] INFO:colcon.colcon_core.shell:Skip shell extension 'powershell' for command environment: Not usable outside of PowerShell
[4.267s] DEBUG:colcon.colcon_core.shell:Skip shell extension 'dsv' for command environment
[7.091s] DEBUG:colcon.colcon_core.event_handler.log_command:Invoking command in '/home/racecar/racecar_ws/src/ros_exercises': PYTHONPATH=/home/racecar/racecar_ws/src/ros_exercises/build/ros_exercises/prefix_override:/home/racecar/racecar_ws/src/ros_exercises/install/ros_exercises/lib/python3.8/site-packages:${PYTHONPATH} /usr/bin/python3 setup.py egg_info --egg-base build/ros_exercises build --build-base /home/racecar/racecar_ws/src/ros_exercises/build/ros_exercises/build install --record /home/racecar/racecar_ws/src/ros_exercises/build/ros_exercises/install.log --install-scripts $base/lib/ros_exercises --single-version-externally-managed
[9.764s] DEBUG:colcon.colcon_core.event_handler.log_command:Invoked command in '/home/racecar/racecar_ws/src/ros_exercises' returned '0': PYTHONPATH=/home/racecar/racecar_ws/src/ros_exercises/build/ros_exercises/prefix_override:/home/racecar/racecar_ws/src/ros_exercises/install/ros_exercises/lib/python3.8/site-packages:${PYTHONPATH} /usr/bin/python3 setup.py egg_info --egg-base build/ros_exercises build --build-base /home/racecar/racecar_ws/src/ros_exercises/build/ros_exercises/build install --record /home/racecar/racecar_ws/src/ros_exercises/build/ros_exercises/install.log --install-scripts $base/lib/ros_exercises --single-version-externally-managed
[9.837s] Level 1:colcon.colcon_core.environment:checking '/home/racecar/racecar_ws/src/ros_exercises/install/ros_exercises' for CMake module files
[9.933s] Level 1:colcon.colcon_core.environment:checking '/home/racecar/racecar_ws/src/ros_exercises/install/ros_exercises' for CMake config files
[10.157s] Level 1:colcon.colcon_core.environment:checking '/home/racecar/racecar_ws/src/ros_exercises/install/ros_exercises/lib'
[10.173s] Level 1:colcon.colcon_core.environment:checking '/home/racecar/racecar_ws/src/ros_exercises/install/ros_exercises/bin'
[10.177s] Level 1:colcon.colcon_core.environment:checking '/home/racecar/racecar_ws/src/ros_exercises/install/ros_exercises/lib/pkgconfig/ros_exercises.pc'
[10.183s] Level 1:colcon.colcon_core.environment:checking '/home/racecar/racecar_ws/src/ros_exercises/install/ros_exercises/lib/python3.8/site-packages'
[10.188s] Level 1:colcon.colcon_core.shell:create_environment_hook('ros_exercises', 'pythonpath')
[10.242s] INFO:colcon.colcon_core.shell:Creating environment hook '/home/racecar/racecar_ws/src/ros_exercises/install/ros_exercises/share/ros_exercises/hook/pythonpath.ps1'
[10.288s] INFO:colcon.colcon_core.shell:Creating environment descriptor '/home/racecar/racecar_ws/src/ros_exercises/install/ros_exercises/share/ros_exercises/hook/pythonpath.dsv'
[10.315s] INFO:colcon.colcon_core.shell:Creating environment hook '/home/racecar/racecar_ws/src/ros_exercises/install/ros_exercises/share/ros_exercises/hook/pythonpath.sh'
[10.338s] Level 1:colcon.colcon_core.environment:checking '/home/racecar/racecar_ws/src/ros_exercises/install/ros_exercises/bin'
[10.340s] Level 1:colcon.colcon_core.environment:create_environment_scripts_only(ros_exercises)
[10.402s] INFO:colcon.colcon_core.shell:Creating package script '/home/racecar/racecar_ws/src/ros_exercises/install/ros_exercises/share/ros_exercises/package.ps1'
[10.437s] INFO:colcon.colcon_core.shell:Creating package descriptor '/home/racecar/racecar_ws/src/ros_exercises/install/ros_exercises/share/ros_exercises/package.dsv'
[10.453s] INFO:colcon.colcon_core.shell:Creating package script '/home/racecar/racecar_ws/src/ros_exercises/install/ros_exercises/share/ros_exercises/package.sh'
[10.470s] INFO:colcon.colcon_core.shell:Creating package script '/home/racecar/racecar_ws/src/ros_exercises/install/ros_exercises/share/ros_exercises/package.bash'
[10.493s] INFO:colcon.colcon_core.shell:Creating package script '/home/racecar/racecar_ws/src/ros_exercises/install/ros_exercises/share/ros_exercises/package.zsh'
[10.520s] Level 1:colcon.colcon_core.environment:create_file_with_runtime_dependencies(/home/racecar/racecar_ws/src/ros_exercises/install/ros_exercises/share/colcon-core/packages/ros_exercises)
[10.543s] DEBUG:colcon.colcon_parallel_executor.executor.parallel:closing loop
[10.545s] DEBUG:colcon.colcon_parallel_executor.executor.parallel:loop closed
[10.546s] DEBUG:colcon.colcon_parallel_executor.executor.parallel:run_until_complete finished with '0'
[10.546s] DEBUG:colcon.colcon_core.event_reactor:joining thread
[10.662s] INFO:colcon.colcon_core.plugin_system:Skipping extension 'colcon_notification.desktop_notification.notify_send': Could not find 'notify-send'
[10.664s] INFO:colcon.colcon_core.plugin_system:Skipping extension 'colcon_notification.desktop_notification.terminal_notifier': Not used on non-Darwin systems
[10.665s] INFO:colcon.colcon_core.plugin_system:Skipping extension 'colcon_notification.desktop_notification.win32': Not used on non-Windows systems
[10.667s] INFO:colcon.colcon_notification.desktop_notification:Sending desktop notification using 'notify2'
[10.775s] DEBUG:colcon.colcon_notification.desktop_notification.notify2:Failed to initialize notify2: org.freedesktop.DBus.Error.ServiceUnknown: The name org.freedesktop.Notifications was not provided by any .service files
[10.776s] DEBUG:colcon.colcon_core.event_reactor:joined thread
[10.851s] INFO:colcon.colcon_core.shell:Creating prefix script '/home/racecar/racecar_ws/src/ros_exercises/install/local_setup.ps1'
[10.869s] INFO:colcon.colcon_core.shell:Creating prefix util module '/home/racecar/racecar_ws/src/ros_exercises/install/_local_setup_util_ps1.py'
[10.894s] INFO:colcon.colcon_core.shell:Creating prefix chain script '/home/racecar/racecar_ws/src/ros_exercises/install/setup.ps1'
[11.015s] INFO:colcon.colcon_core.shell:Creating prefix script '/home/racecar/racecar_ws/src/ros_exercises/install/local_setup.sh'
[11.035s] INFO:colcon.colcon_core.shell:Creating prefix util module '/home/racecar/racecar_ws/src/ros_exercises/install/_local_setup_util_sh.py'
[11.057s] INFO:colcon.colcon_core.shell:Creating prefix chain script '/home/racecar/racecar_ws/src/ros_exercises/install/setup.sh'
[11.134s] INFO:colcon.colcon_core.shell:Creating prefix script '/home/racecar/racecar_ws/src/ros_exercises/install/local_setup.bash'
[11.152s] INFO:colcon.colcon_core.shell:Creating prefix chain script '/home/racecar/racecar_ws/src/ros_exercises/install/setup.bash'
[11.233s] INFO:colcon.colcon_core.shell:Creating prefix script '/home/racecar/racecar_ws/src/ros_exercises/install/local_setup.zsh'
[11.252s] INFO:colcon.colcon_core.shell:Creating prefix chain script '/home/racecar/racecar_ws/src/ros_exercises/install/setup.zsh'
