[4.603s] Invoking command in '/home/racecar/racecar_ws/src/ros_exercises': PYTHONPATH=/home/racecar/racecar_ws/src/ros_exercises/build/ros_exercises/prefix_override:/home/racecar/racecar_ws/src/ros_exercises/install/ros_exercises/lib/python3.8/site-packages:${PYTHONPATH} /usr/bin/python3 setup.py egg_info --egg-base build/ros_exercises build --build-base /home/racecar/racecar_ws/src/ros_exercises/build/ros_exercises/build install --record /home/racecar/racecar_ws/src/ros_exercises/build/ros_exercises/install.log --install-scripts $base/lib/ros_exercises --single-version-externally-managed
[5.819s] running egg_info
[5.837s] writing build/ros_exercises/ros_exercises.egg-info/PKG-INFO
[5.844s] writing dependency_links to build/ros_exercises/ros_exercises.egg-info/dependency_links.txt
[5.856s] writing entry points to build/ros_exercises/ros_exercises.egg-info/entry_points.txt
[5.871s] writing requirements to build/ros_exercises/ros_exercises.egg-info/requires.txt
[5.877s] writing top-level names to build/ros_exercises/ros_exercises.egg-info/top_level.txt
[6.057s] package init file 'ros_exercises/__init__.py' not found (or not a regular file)
[6.090s] reading manifest file 'build/ros_exercises/ros_exercises.egg-info/SOURCES.txt'
[6.195s] writing manifest file 'build/ros_exercises/ros_exercises.egg-info/SOURCES.txt'
[6.214s] running build
[6.218s] running build_py
[6.252s] running install
[6.325s] running install_lib
[6.356s] warning: install_lib: '/home/racecar/racecar_ws/src/ros_exercises/build/ros_exercises/build/lib' does not exist -- no Python modules to install
[6.387s] 
[6.391s] running install_data
[6.568s] running install_egg_info
[6.655s] removing '/home/racecar/racecar_ws/src/ros_exercises/install/ros_exercises/lib/python3.8/site-packages/ros_exercises-0.0.0-py3.8.egg-info' (and everything under it)
[6.794s] Copying build/ros_exercises/ros_exercises.egg-info to /home/racecar/racecar_ws/src/ros_exercises/install/ros_exercises/lib/python3.8/site-packages/ros_exercises-0.0.0-py3.8.egg-info
[7.289s] running install_scripts
[7.386s] writing list of installed files to '/home/racecar/racecar_ws/src/ros_exercises/build/ros_exercises/install.log'
[7.455s] Invoked command in '/home/racecar/racecar_ws/src/ros_exercises' returned '0': PYTHONPATH=/home/racecar/racecar_ws/src/ros_exercises/build/ros_exercises/prefix_override:/home/racecar/racecar_ws/src/ros_exercises/install/ros_exercises/lib/python3.8/site-packages:${PYTHONPATH} /usr/bin/python3 setup.py egg_info --egg-base build/ros_exercises build --build-base /home/racecar/racecar_ws/src/ros_exercises/build/ros_exercises/build install --record /home/racecar/racecar_ws/src/ros_exercises/build/ros_exercises/install.log --install-scripts $base/lib/ros_exercises --single-version-externally-managed
